# JRE version: OpenJDK Runtime Environment Temurin-21.0.10+7 (21.0.10+7) (build 21.0.10+7-LTS)
# Java VM: OpenJDK 64-Bit Server VM Temurin-21.0.10+7 (21.0.10+7-LTS, mixed mode, sharing, tiered, compressed oops, compressed class ptrs, parallel gc, windows-amd64)
GC Precious Log:
 CardTable entry size: 512
 CPUs: 8 total, 8 available
 Memory: 24256M
 Large Page Support: Disabled
 NUMA Support: Disabled
 Compressed Oops: Enabled (32-bit)
 Alignments: Space 512K, Generation 512K, Heap 2M
 Heap Min Capacity: 100M
 Heap Initial Capacity: 100M
 Heap Max Capacity: 2G
 Pre-touch: Disabled
 Parallel Workers: 8
Heap:
 PSYoungGen      total 14848K, used 9744K [0x00000000d5580000, 0x00000000d6500000, 0x0000000100000000)
  eden space 12800K, 71% used [0x00000000d5580000,0x00000000d5e72cb8,0x00000000d6200000)
  from space 2048K, 28% used [0x00000000d6200000,0x00000000d6291420,0x00000000d6400000)
  to   space 1024K, 0% used [0x00000000d6400000,0x00000000d6400000,0x00000000d6500000)
 ParOldGen       total 68608K, used 65934K [0x0000000080000000, 0x0000000084300000, 0x00000000d5580000)
  object space 68608K, 96% used [0x0000000080000000,0x00000000840638e8,0x0000000084300000)
 Metaspace       used 63676K, committed 65152K, reserved 1114112K
  class space    used 6794K, committed 7424K, reserved 1048576K
GC Heap History (20 events):
Event: 23.477 GC heap before
{Heap before GC invocations=65 (full 3):
 PSYoungGen      total 17920K, used 17714K [0x00000000d5580000, 0x00000000d6880000, 0x0000000100000000)
  eden space 16384K, 100% used [0x00000000d5580000,0x00000000d6580000,0x00000000d6580000)
  from space 1536K, 86% used [0x00000000d6580000,0x00000000d66ccb38,0x00000000d6700000)
  to   space 1536K, 0% used [0x00000000d6700000,0x00000000d6700000,0x00000000d6880000)
 ParOldGen       total 68608K, used 57192K [0x0000000080000000, 0x0000000084300000, 0x00000000d5580000)
  object space 68608K, 83% used [0x0000000080000000,0x00000000837da1d0,0x0000000084300000)
 Metaspace       used 60511K, committed 61952K, reserved 1114112K
  class space    used 6483K, committed 7104K, reserved 1048576K
}
Event: 23.482 GC heap after
{Heap after GC invocations=65 (full 3):
 PSYoungGen      total 15872K, used 1531K [0x00000000d5580000, 0x00000000d6c80000, 0x0000000100000000)
  eden space 14336K, 0% used [0x00000000d5580000,0x00000000d5580000,0x00000000d6380000)
  from space 1536K, 99% used [0x00000000d6700000,0x00000000d687ece8,0x00000000d6880000)
  to   space 3584K, 0% used [0x00000000d6380000,0x00000000d6380000,0x00000000d6700000)
 ParOldGen       total 68608K, used 58889K [0x0000000080000000, 0x0000000084300000, 0x00000000d5580000)
  object space 68608K, 85% used [0x0000000080000000,0x00000000839826b8,0x0000000084300000)
 Metaspace       used 60511K, committed 61952K, reserved 1114112K
  class space    used 6483K, committed 7104K, reserved 1048576K
}
Event: 23.796 GC heap before
{Heap before GC invocations=66 (full 3):
 PSYoungGen      total 15872K, used 15867K [0x00000000d5580000, 0x00000000d6c80000, 0x0000000100000000)
  eden space 14336K, 100% used [0x00000000d5580000,0x00000000d6380000,0x00000000d6380000)
  from space 1536K, 99% used [0x00000000d6700000,0x00000000d687ece8,0x00000000d6880000)
  to   space 3584K, 0% used [0x00000000d6380000,0x00000000d6380000,0x00000000d6700000)
 ParOldGen       total 68608K, used 58889K [0x0000000080000000, 0x0000000084300000, 0x00000000d5580000)
  object space 68608K, 85% used [0x0000000080000000,0x00000000839826b8,0x0000000084300000)
 Metaspace       used 60722K, committed 62144K, reserved 1114112K
  class space    used 6494K, committed 7104K, reserved 1048576K
}
Event: 23.798 GC heap after
{Heap after GC invocations=66 (full 3):
 PSYoungGen      total 15360K, used 522K [0x00000000d5580000, 0x00000000d6780000, 0x0000000100000000)
  eden space 14336K, 0% used [0x00000000d5580000,0x00000000d5580000,0x00000000d6380000)
  from space 1024K, 51% used [0x00000000d6380000,0x00000000d6402930,0x00000000d6480000)
  to   space 1536K, 0% used [0x00000000d6600000,0x00000000d6600000,0x00000000d6780000)
 ParOldGen       total 68608K, used 59927K [0x0000000080000000, 0x0000000084300000, 0x00000000d5580000)
  object space 68608K, 87% used [0x0000000080000000,0x0000000083a85d58,0x0000000084300000)
 Metaspace       used 60722K, committed 62144K, reserved 1114112K
  class space    used 6494K, committed 7104K, reserved 1048576K
}
Event: 23.997 GC heap before
{Heap before GC invocations=67 (full 3):
 PSYoungGen      total 15360K, used 14849K [0x00000000d5580000, 0x00000000d6780000, 0x0000000100000000)
  eden space 14336K, 99% used [0x00000000d5580000,0x00000000d637dad8,0x00000000d6380000)
  from space 1024K, 51% used [0x00000000d6380000,0x00000000d6402930,0x00000000d6480000)
  to   space 1536K, 0% used [0x00000000d6600000,0x00000000d6600000,0x00000000d6780000)
 ParOldGen       total 68608K, used 59927K [0x0000000080000000, 0x0000000084300000, 0x00000000d5580000)
  object space 68608K, 87% used [0x0000000080000000,0x0000000083a85d58,0x0000000084300000)
 Metaspace       used 60799K, committed 62208K, reserved 1114112K
  class space    used 6497K, committed 7104K, reserved 1048576K
}
Event: 24.000 GC heap after
{Heap after GC invocations=67 (full 3):
 PSYoungGen      total 15360K, used 661K [0x00000000d5580000, 0x00000000d6700000, 0x0000000100000000)
  eden space 14336K, 0% used [0x00000000d5580000,0x00000000d5580000,0x00000000d6380000)
  from space 1024K, 64% used [0x00000000d6600000,0x00000000d66a5670,0x00000000d6700000)
  to   space 1024K, 0% used [0x00000000d6380000,0x00000000d6380000,0x00000000d6480000)
 ParOldGen       total 68608K, used 60340K [0x0000000080000000, 0x0000000084300000, 0x00000000d5580000)
  object space 68608K, 87% used [0x0000000080000000,0x0000000083aed2f0,0x0000000084300000)
 Metaspace       used 60799K, committed 62208K, reserved 1114112K
  class space    used 6497K, committed 7104K, reserved 1048576K
}
Event: 24.943 GC heap before
{Heap before GC invocations=68 (full 3):
 PSYoungGen      total 15360K, used 14965K [0x00000000d5580000, 0x00000000d6700000, 0x0000000100000000)
  eden space 14336K, 99% used [0x00000000d5580000,0x00000000d6377e68,0x00000000d6380000)
  from space 1024K, 64% used [0x00000000d6600000,0x00000000d66a5670,0x00000000d6700000)
  to   space 1024K, 0% used [0x00000000d6380000,0x00000000d6380000,0x00000000d6480000)
 ParOldGen       total 68608K, used 60340K [0x0000000080000000, 0x0000000084300000, 0x00000000d5580000)
  object space 68608K, 87% used [0x0000000080000000,0x0000000083aed2f0,0x0000000084300000)
 Metaspace       used 60960K, committed 62400K, reserved 1114112K
  class space    used 6506K, committed 7104K, reserved 1048576K
}
Event: 24.945 GC heap after
{Heap after GC invocations=68 (full 3):
 PSYoungGen      total 15360K, used 475K [0x00000000d5580000, 0x00000000d6680000, 0x0000000100000000)
  eden space 14336K, 0% used [0x00000000d5580000,0x00000000d5580000,0x00000000d6380000)
  from space 1024K, 46% used [0x00000000d6380000,0x00000000d63f6d70,0x00000000d6480000)
  to   space 1024K, 0% used [0x00000000d6580000,0x00000000d6580000,0x00000000d6680000)
 ParOldGen       total 68608K, used 60633K [0x0000000080000000, 0x0000000084300000, 0x00000000d5580000)
  object space 68608K, 88% used [0x0000000080000000,0x0000000083b36510,0x0000000084300000)
 Metaspace       used 60960K, committed 62400K, reserved 1114112K
  class space    used 6506K, committed 7104K, reserved 1048576K
}
Event: 25.481 GC heap before
{Heap before GC invocations=69 (full 3):
 PSYoungGen      total 15360K, used 14806K [0x00000000d5580000, 0x00000000d6680000, 0x0000000100000000)
  eden space 14336K, 99% used [0x00000000d5580000,0x00000000d637ee60,0x00000000d6380000)
  from space 1024K, 46% used [0x00000000d6380000,0x00000000d63f6d70,0x00000000d6480000)
  to   space 1024K, 0% used [0x00000000d6580000,0x00000000d6580000,0x00000000d6680000)
 ParOldGen       total 68608K, used 60633K [0x0000000080000000, 0x0000000084300000, 0x00000000d5580000)
  object space 68608K, 88% used [0x0000000080000000,0x0000000083b36510,0x0000000084300000)
 Metaspace       used 61006K, committed 62464K, reserved 1114112K
  class space    used 6506K, committed 7104K, reserved 1048576K
}
Event: 25.483 GC heap after
{Heap after GC invocations=69 (full 3):
 PSYoungGen      total 14848K, used 352K [0x00000000d5580000, 0x00000000d6600000, 0x0000000100000000)
  eden space 14336K, 0% used [0x00000000d5580000,0x00000000d5580000,0x00000000d6380000)
  from space 512K, 68% used [0x00000000d6580000,0x00000000d65d8020,0x00000000d6600000)
  to   space 512K, 0% used [0x00000000d6500000,0x00000000d6500000,0x00000000d6580000)
 ParOldGen       total 68608K, used 60785K [0x0000000080000000, 0x0000000084300000, 0x00000000d5580000)
  object space 68608K, 88% used [0x0000000080000000,0x0000000083b5c530,0x0000000084300000)
 Metaspace       used 61006K, committed 62464K, reserved 1114112K
  class space    used 6506K, committed 7104K, reserved 1048576K
}
Event: 25.936 GC heap before
{Heap before GC invocations=70 (full 3):
 PSYoungGen      total 14848K, used 14687K [0x00000000d5580000, 0x00000000d6600000, 0x0000000100000000)
  eden space 14336K, 99% used [0x00000000d5580000,0x00000000d637fbe0,0x00000000d6380000)
  from space 512K, 68% used [0x00000000d6580000,0x00000000d65d8020,0x00000000d6600000)
  to   space 512K, 0% used [0x00000000d6500000,0x00000000d6500000,0x00000000d6580000)
 ParOldGen       total 68608K, used 60785K [0x0000000080000000, 0x0000000084300000, 0x00000000d5580000)
  object space 68608K, 88% used [0x0000000080000000,0x0000000083b5c530,0x0000000084300000)
 Metaspace       used 61027K, committed 62464K, reserved 1114112K
  class space    used 6506K, committed 7104K, reserved 1048576K
}
Event: 25.937 GC heap after
{Heap after GC invocations=70 (full 3):
 PSYoungGen      total 14848K, used 384K [0x00000000d5580000, 0x00000000d6600000, 0x0000000100000000)
  eden space 14336K, 0% used [0x00000000d5580000,0x00000000d5580000,0x00000000d6380000)
  from space 512K, 75% used [0x00000000d6500000,0x00000000d6560020,0x00000000d6580000)
  to   space 512K, 0% used [0x00000000d6580000,0x00000000d6580000,0x00000000d6600000)
 ParOldGen       total 68608K, used 60913K [0x0000000080000000, 0x0000000084300000, 0x00000000d5580000)
  object space 68608K, 88% used [0x0000000080000000,0x0000000083b7c550,0x0000000084300000)
 Metaspace       used 61027K, committed 62464K, reserved 1114112K
  class space    used 6506K, committed 7104K, reserved 1048576K
}
Event: 26.400 GC heap before
{Heap before GC invocations=71 (full 3):
 PSYoungGen      total 14848K, used 14717K [0x00000000d5580000, 0x00000000d6600000, 0x0000000100000000)
  eden space 14336K, 99% used [0x00000000d5580000,0x00000000d637f4d8,0x00000000d6380000)
  from space 512K, 75% used [0x00000000d6500000,0x00000000d6560020,0x00000000d6580000)
  to   space 512K, 0% used [0x00000000d6580000,0x00000000d6580000,0x00000000d6600000)
 ParOldGen       total 68608K, used 60913K [0x0000000080000000, 0x0000000084300000, 0x00000000d5580000)
  object space 68608K, 88% used [0x0000000080000000,0x0000000083b7c550,0x0000000084300000)
 Metaspace       used 61529K, committed 62976K, reserved 1114112K
  class space    used 6560K, committed 7168K, reserved 1048576K
}
Event: 26.402 GC heap after
{Heap after GC invocations=71 (full 3):
 PSYoungGen      total 13312K, used 486K [0x00000000d5580000, 0x00000000d6a80000, 0x0000000100000000)
  eden space 12800K, 0% used [0x00000000d5580000,0x00000000d5580000,0x00000000d6200000)
  from space 512K, 95% used [0x00000000d6580000,0x00000000d65f9a70,0x00000000d6600000)
  to   space 3584K, 0% used [0x00000000d6200000,0x00000000d6200000,0x00000000d6580000)
 ParOldGen       total 68608K, used 63142K [0x0000000080000000, 0x0000000084300000, 0x00000000d5580000)
  object space 68608K, 92% used [0x0000000080000000,0x0000000083da9bf8,0x0000000084300000)
 Metaspace       used 61529K, committed 62976K, reserved 1114112K
  class space    used 6560K, committed 7168K, reserved 1048576K
}
Event: 26.649 GC heap before
{Heap before GC invocations=72 (full 3):
 PSYoungGen      total 13312K, used 13286K [0x00000000d5580000, 0x00000000d6a80000, 0x0000000100000000)
  eden space 12800K, 100% used [0x00000000d5580000,0x00000000d6200000,0x00000000d6200000)
  from space 512K, 95% used [0x00000000d6580000,0x00000000d65f9a70,0x00000000d6600000)
  to   space 3584K, 0% used [0x00000000d6200000,0x00000000d6200000,0x00000000d6580000)
 ParOldGen       total 68608K, used 63142K [0x0000000080000000, 0x0000000084300000, 0x00000000d5580000)
  object space 68608K, 92% used [0x0000000080000000,0x0000000083da9bf8,0x0000000084300000)
 Metaspace       used 61828K, committed 63232K, reserved 1114112K
  class space    used 6590K, committed 7168K, reserved 1048576K
}
Event: 26.652 GC heap after
{Heap after GC invocations=72 (full 3):
 PSYoungGen      total 14848K, used 1792K [0x00000000d5580000, 0x00000000d6700000, 0x0000000100000000)
  eden space 12800K, 0% used [0x00000000d5580000,0x00000000d5580000,0x00000000d6200000)
  from space 2048K, 87% used [0x00000000d6200000,0x00000000d63c0020,0x00000000d6400000)
  to   space 2560K, 0% used [0x00000000d6480000,0x00000000d6480000,0x00000000d6700000)
 ParOldGen       total 68608K, used 63230K [0x0000000080000000, 0x0000000084300000, 0x00000000d5580000)
  object space 68608K, 92% used [0x0000000080000000,0x0000000083dbfbf8,0x0000000084300000)
 Metaspace       used 61828K, committed 63232K, reserved 1114112K
  class space    used 6590K, committed 7168K, reserved 1048576K
}
Event: 26.911 GC heap before
{Heap before GC invocations=73 (full 3):
 PSYoungGen      total 14848K, used 14592K [0x00000000d5580000, 0x00000000d6700000, 0x0000000100000000)
  eden space 12800K, 100% used [0x00000000d5580000,0x00000000d6200000,0x00000000d6200000)
  from space 2048K, 87% used [0x00000000d6200000,0x00000000d63c0020,0x00000000d6400000)
  to   space 2560K, 0% used [0x00000000d6480000,0x00000000d6480000,0x00000000d6700000)
 ParOldGen       total 68608K, used 63230K [0x0000000080000000, 0x0000000084300000, 0x00000000d5580000)
  object space 68608K, 92% used [0x0000000080000000,0x0000000083dbfbf8,0x0000000084300000)
 Metaspace       used 62229K, committed 63616K, reserved 1114112K
  class space    used 6648K, committed 7232K, reserved 1048576K
}
Event: 26.916 GC heap after
{Heap after GC invocations=73 (full 3):
 PSYoungGen      total 14336K, used 1536K [0x00000000d5580000, 0x00000000d6600000, 0x0000000100000000)
  eden space 12800K, 0% used [0x00000000d5580000,0x00000000d5580000,0x00000000d6200000)
  from space 1536K, 100% used [0x00000000d6480000,0x00000000d6600000,0x00000000d6600000)
  to   space 2048K, 0% used [0x00000000d6200000,0x00000000d6200000,0x00000000d6400000)
 ParOldGen       total 68608K, used 64878K [0x0000000080000000, 0x0000000084300000, 0x00000000d5580000)
  object space 68608K, 94% used [0x0000000080000000,0x0000000083f5b8e8,0x0000000084300000)
 Metaspace       used 62229K, committed 63616K, reserved 1114112K
  class space    used 6648K, committed 7232K, reserved 1048576K
}
Event: 27.402 GC heap before
{Heap before GC invocations=74 (full 3):
 PSYoungGen      total 14336K, used 14336K [0x00000000d5580000, 0x00000000d6600000, 0x0000000100000000)
  eden space 12800K, 100% used [0x00000000d5580000,0x00000000d6200000,0x00000000d6200000)
  from space 1536K, 100% used [0x00000000d6480000,0x00000000d6600000,0x00000000d6600000)
  to   space 2048K, 0% used [0x00000000d6200000,0x00000000d6200000,0x00000000d6400000)
 ParOldGen       total 68608K, used 64878K [0x0000000080000000, 0x0000000084300000, 0x00000000d5580000)
  object space 68608K, 94% used [0x0000000080000000,0x0000000083f5b8e8,0x0000000084300000)
 Metaspace       used 63033K, committed 64512K, reserved 1114112K
  class space    used 6733K, committed 7360K, reserved 1048576K
}
Event: 27.404 GC heap after
{Heap after GC invocations=74 (full 3):
 PSYoungGen      total 14848K, used 581K [0x00000000d5580000, 0x00000000d6500000, 0x0000000100000000)
  eden space 12800K, 0% used [0x00000000d5580000,0x00000000d5580000,0x00000000d6200000)
  from space 2048K, 28% used [0x00000000d6200000,0x00000000d6291420,0x00000000d6400000)
  to   space 1024K, 0% used [0x00000000d6400000,0x00000000d6400000,0x00000000d6500000)
 ParOldGen       total 68608K, used 65934K [0x0000000080000000, 0x0000000084300000, 0x00000000d5580000)
  object space 68608K, 96% used [0x0000000080000000,0x00000000840638e8,0x0000000084300000)
 Metaspace       used 63033K, committed 64512K, reserved 1114112K
  class space    used 6733K, committed 7360K, reserved 1048576K
}

