# JRE version: OpenJDK Runtime Environment Temurin-21.0.10+7 (21.0.10+7) (build 21.0.10+7-LTS)
# Java VM: OpenJDK 64-Bit Server VM Temurin-21.0.10+7 (21.0.10+7-LTS, mixed mode, sharing, tiered, compressed oops, compressed class ptrs, parallel gc, windows-amd64)
GC Precious Log:
 CardTable entry size: 512
 CPUs: 8 total, 8 available
 Memory: 24256M
 Large Page Support: Disabled
 NUMA Support: Disabled
 Compressed Oops: Enabled (32-bit)
 Alignments: Space 512K, Generation 512K, Heap 2M
 Heap Min Capacity: 100M
 Heap Initial Capacity: 100M
 Heap Max Capacity: 2G
 Pre-touch: Disabled
 Parallel Workers: 8
Heap:
 PSYoungGen      total 19456K, used 8498K [0x00000000d5580000, 0x00000000d6b80000, 0x0000000100000000)
  eden space 17408K, 38% used [0x00000000d5580000,0x00000000d5c170a8,0x00000000d6680000)
  from space 2048K, 85% used [0x00000000d6680000,0x00000000d6835838,0x00000000d6880000)
  to   space 2560K, 0% used [0x00000000d6900000,0x00000000d6900000,0x00000000d6b80000)
 ParOldGen       total 68608K, used 53675K [0x0000000080000000, 0x0000000084300000, 0x00000000d5580000)
  object space 68608K, 78% used [0x0000000080000000,0x000000008346ac80,0x0000000084300000)
 Metaspace       used 56994K, committed 58432K, reserved 1114112K
  class space    used 6178K, committed 6784K, reserved 1048576K
GC Heap History (20 events):
Event: 9.116 GC heap before
{Heap before GC invocations=27 (full 2):
 PSYoungGen      total 20480K, used 20452K [0x00000000d5580000, 0x00000000d7080000, 0x0000000100000000)
  eden space 19456K, 100% used [0x00000000d5580000,0x00000000d6880000,0x00000000d6880000)
  from space 1024K, 97% used [0x00000000d6c80000,0x00000000d6d79000,0x00000000d6d80000)
  to   space 4096K, 0% used [0x00000000d6880000,0x00000000d6880000,0x00000000d6c80000)
 ParOldGen       total 68608K, used 41160K [0x0000000080000000, 0x0000000084300000, 0x00000000d5580000)
  object space 68608K, 59% used [0x0000000080000000,0x00000000828323a8,0x0000000084300000)
 Metaspace       used 48493K, committed 49920K, reserved 1114112K
  class space    used 5310K, committed 5952K, reserved 1048576K
}
Event: 9.119 GC heap after
{Heap after GC invocations=27 (full 2):
 PSYoungGen      total 21504K, used 1696K [0x00000000d5580000, 0x00000000d6d80000, 0x0000000100000000)
  eden space 19456K, 0% used [0x00000000d5580000,0x00000000d5580000,0x00000000d6880000)
  from space 2048K, 82% used [0x00000000d6880000,0x00000000d6a28000,0x00000000d6a80000)
  to   space 2560K, 0% used [0x00000000d6b00000,0x00000000d6b00000,0x00000000d6d80000)
 ParOldGen       total 68608K, used 42174K [0x0000000080000000, 0x0000000084300000, 0x00000000d5580000)
  object space 68608K, 61% used [0x0000000080000000,0x000000008292f9d0,0x0000000084300000)
 Metaspace       used 48493K, committed 49920K, reserved 1114112K
  class space    used 5310K, committed 5952K, reserved 1048576K
}
Event: 9.193 GC heap before
{Heap before GC invocations=28 (full 2):
 PSYoungGen      total 21504K, used 21152K [0x00000000d5580000, 0x00000000d6d80000, 0x0000000100000000)
  eden space 19456K, 100% used [0x00000000d5580000,0x00000000d6880000,0x00000000d6880000)
  from space 2048K, 82% used [0x00000000d6880000,0x00000000d6a28000,0x00000000d6a80000)
  to   space 2560K, 0% used [0x00000000d6b00000,0x00000000d6b00000,0x00000000d6d80000)
 ParOldGen       total 68608K, used 42174K [0x0000000080000000, 0x0000000084300000, 0x00000000d5580000)
  object space 68608K, 61% used [0x0000000080000000,0x000000008292f9d0,0x0000000084300000)
 Metaspace       used 48529K, committed 49920K, reserved 1114112K
  class space    used 5311K, committed 5952K, reserved 1048576K
}
Event: 9.196 GC heap after
{Heap after GC invocations=28 (full 2):
 PSYoungGen      total 21504K, used 1888K [0x00000000d5580000, 0x00000000d6d00000, 0x0000000100000000)
  eden space 19456K, 0% used [0x00000000d5580000,0x00000000d5580000,0x00000000d6880000)
  from space 2048K, 92% used [0x00000000d6b00000,0x00000000d6cd8010,0x00000000d6d00000)
  to   space 2048K, 0% used [0x00000000d6880000,0x00000000d6880000,0x00000000d6a80000)
 ParOldGen       total 68608K, used 43814K [0x0000000080000000, 0x0000000084300000, 0x00000000d5580000)
  object space 68608K, 63% used [0x0000000080000000,0x0000000082ac99d0,0x0000000084300000)
 Metaspace       used 48529K, committed 49920K, reserved 1114112K
  class space    used 5311K, committed 5952K, reserved 1048576K
}
Event: 9.263 GC heap before
{Heap before GC invocations=29 (full 2):
 PSYoungGen      total 21504K, used 21344K [0x00000000d5580000, 0x00000000d6d00000, 0x0000000100000000)
  eden space 19456K, 100% used [0x00000000d5580000,0x00000000d6880000,0x00000000d6880000)
  from space 2048K, 92% used [0x00000000d6b00000,0x00000000d6cd8010,0x00000000d6d00000)
  to   space 2048K, 0% used [0x00000000d6880000,0x00000000d6880000,0x00000000d6a80000)
 ParOldGen       total 68608K, used 43814K [0x0000000080000000, 0x0000000084300000, 0x00000000d5580000)
  object space 68608K, 63% used [0x0000000080000000,0x0000000082ac99d0,0x0000000084300000)
 Metaspace       used 48602K, committed 49984K, reserved 1114112K
  class space    used 5321K, committed 5952K, reserved 1048576K
}
Event: 9.267 GC heap after
{Heap after GC invocations=29 (full 2):
 PSYoungGen      total 21504K, used 1872K [0x00000000d5580000, 0x00000000d6c80000, 0x0000000100000000)
  eden space 19456K, 0% used [0x00000000d5580000,0x00000000d5580000,0x00000000d6880000)
  from space 2048K, 91% used [0x00000000d6880000,0x00000000d6a54268,0x00000000d6a80000)
  to   space 2048K, 0% used [0x00000000d6a80000,0x00000000d6a80000,0x00000000d6c80000)
 ParOldGen       total 68608K, used 45638K [0x0000000080000000, 0x0000000084300000, 0x00000000d5580000)
  object space 68608K, 66% used [0x0000000080000000,0x0000000082c919e0,0x0000000084300000)
 Metaspace       used 48602K, committed 49984K, reserved 1114112K
  class space    used 5321K, committed 5952K, reserved 1048576K
}
Event: 9.701 GC heap before
{Heap before GC invocations=30 (full 2):
 PSYoungGen      total 21504K, used 21328K [0x00000000d5580000, 0x00000000d6c80000, 0x0000000100000000)
  eden space 19456K, 100% used [0x00000000d5580000,0x00000000d6880000,0x00000000d6880000)
  from space 2048K, 91% used [0x00000000d6880000,0x00000000d6a54268,0x00000000d6a80000)
  to   space 2048K, 0% used [0x00000000d6a80000,0x00000000d6a80000,0x00000000d6c80000)
 ParOldGen       total 68608K, used 45638K [0x0000000080000000, 0x0000000084300000, 0x00000000d5580000)
  object space 68608K, 66% used [0x0000000080000000,0x0000000082c919e0,0x0000000084300000)
 Metaspace       used 50435K, committed 51840K, reserved 1114112K
  class space    used 5568K, committed 6208K, reserved 1048576K
}
Event: 9.704 GC heap after
{Heap after GC invocations=30 (full 2):
 PSYoungGen      total 20480K, used 796K [0x00000000d5580000, 0x00000000d6b80000, 0x0000000100000000)
  eden space 19456K, 0% used [0x00000000d5580000,0x00000000d5580000,0x00000000d6880000)
  from space 1024K, 77% used [0x00000000d6a80000,0x00000000d6b472f8,0x00000000d6b80000)
  to   space 1536K, 0% used [0x00000000d6880000,0x00000000d6880000,0x00000000d6a00000)
 ParOldGen       total 68608K, used 47211K [0x0000000080000000, 0x0000000084300000, 0x00000000d5580000)
  object space 68608K, 68% used [0x0000000080000000,0x0000000082e1af38,0x0000000084300000)
 Metaspace       used 50435K, committed 51840K, reserved 1114112K
  class space    used 5568K, committed 6208K, reserved 1048576K
}
Event: 10.122 GC heap before
{Heap before GC invocations=31 (full 2):
 PSYoungGen      total 20480K, used 20252K [0x00000000d5580000, 0x00000000d6b80000, 0x0000000100000000)
  eden space 19456K, 100% used [0x00000000d5580000,0x00000000d6880000,0x00000000d6880000)
  from space 1024K, 77% used [0x00000000d6a80000,0x00000000d6b472f8,0x00000000d6b80000)
  to   space 1536K, 0% used [0x00000000d6880000,0x00000000d6880000,0x00000000d6a00000)
 ParOldGen       total 68608K, used 47211K [0x0000000080000000, 0x0000000084300000, 0x00000000d5580000)
  object space 68608K, 68% used [0x0000000080000000,0x0000000082e1af38,0x0000000084300000)
 Metaspace       used 51399K, committed 52736K, reserved 1114112K
  class space    used 5673K, committed 6272K, reserved 1048576K
}
Event: 10.124 GC heap after
{Heap after GC invocations=31 (full 2):
 PSYoungGen      total 20992K, used 544K [0x00000000d5580000, 0x00000000d6b00000, 0x0000000100000000)
  eden space 19456K, 0% used [0x00000000d5580000,0x00000000d5580000,0x00000000d6880000)
  from space 1536K, 35% used [0x00000000d6880000,0x00000000d6908020,0x00000000d6a00000)
  to   space 1024K, 0% used [0x00000000d6a00000,0x00000000d6a00000,0x00000000d6b00000)
 ParOldGen       total 68608K, used 47862K [0x0000000080000000, 0x0000000084300000, 0x00000000d5580000)
  object space 68608K, 69% used [0x0000000080000000,0x0000000082ebda08,0x0000000084300000)
 Metaspace       used 51399K, committed 52736K, reserved 1114112K
  class space    used 5673K, committed 6272K, reserved 1048576K
}
Event: 10.462 GC heap before
{Heap before GC invocations=32 (full 2):
 PSYoungGen      total 20992K, used 20000K [0x00000000d5580000, 0x00000000d6b00000, 0x0000000100000000)
  eden space 19456K, 100% used [0x00000000d5580000,0x00000000d6880000,0x00000000d6880000)
  from space 1536K, 35% used [0x00000000d6880000,0x00000000d6908020,0x00000000d6a00000)
  to   space 1024K, 0% used [0x00000000d6a00000,0x00000000d6a00000,0x00000000d6b00000)
 ParOldGen       total 68608K, used 47862K [0x0000000080000000, 0x0000000084300000, 0x00000000d5580000)
  object space 68608K, 69% used [0x0000000080000000,0x0000000082ebda08,0x0000000084300000)
 Metaspace       used 53673K, committed 55040K, reserved 1114112K
  class space    used 5871K, committed 6464K, reserved 1048576K
}
Event: 10.463 GC heap after
{Heap after GC invocations=32 (full 2):
 PSYoungGen      total 19968K, used 1019K [0x00000000d5580000, 0x00000000d6c80000, 0x0000000100000000)
  eden space 18944K, 0% used [0x00000000d5580000,0x00000000d5580000,0x00000000d6800000)
  from space 1024K, 99% used [0x00000000d6a00000,0x00000000d6afeee0,0x00000000d6b00000)
  to   space 2048K, 0% used [0x00000000d6800000,0x00000000d6800000,0x00000000d6a00000)
 ParOldGen       total 68608K, used 48576K [0x0000000080000000, 0x0000000084300000, 0x00000000d5580000)
  object space 68608K, 70% used [0x0000000080000000,0x0000000082f70298,0x0000000084300000)
 Metaspace       used 53673K, committed 55040K, reserved 1114112K
  class space    used 5871K, committed 6464K, reserved 1048576K
}
Event: 10.537 GC heap before
{Heap before GC invocations=33 (full 2):
 PSYoungGen      total 19968K, used 19943K [0x00000000d5580000, 0x00000000d6c80000, 0x0000000100000000)
  eden space 18944K, 99% used [0x00000000d5580000,0x00000000d67faf30,0x00000000d6800000)
  from space 1024K, 99% used [0x00000000d6a00000,0x00000000d6afeee0,0x00000000d6b00000)
  to   space 2048K, 0% used [0x00000000d6800000,0x00000000d6800000,0x00000000d6a00000)
 ParOldGen       total 68608K, used 48576K [0x0000000080000000, 0x0000000084300000, 0x00000000d5580000)
  object space 68608K, 70% used [0x0000000080000000,0x0000000082f70298,0x0000000084300000)
 Metaspace       used 53701K, committed 55040K, reserved 1114112K
  class space    used 5871K, committed 6464K, reserved 1048576K
}
Event: 10.538 GC heap after
{Heap after GC invocations=33 (full 2):
 PSYoungGen      total 19968K, used 857K [0x00000000d5580000, 0x00000000d6b00000, 0x0000000100000000)
  eden space 18944K, 0% used [0x00000000d5580000,0x00000000d5580000,0x00000000d6800000)
  from space 1024K, 83% used [0x00000000d6800000,0x00000000d68d65b0,0x00000000d6900000)
  to   space 1536K, 0% used [0x00000000d6980000,0x00000000d6980000,0x00000000d6b00000)
 ParOldGen       total 68608K, used 49600K [0x0000000080000000, 0x0000000084300000, 0x00000000d5580000)
  object space 68608K, 72% used [0x0000000080000000,0x0000000083070300,0x0000000084300000)
 Metaspace       used 53701K, committed 55040K, reserved 1114112K
  class space    used 5871K, committed 6464K, reserved 1048576K
}
Event: 10.669 GC heap before
{Heap before GC invocations=34 (full 2):
 PSYoungGen      total 19968K, used 19801K [0x00000000d5580000, 0x00000000d6b00000, 0x0000000100000000)
  eden space 18944K, 100% used [0x00000000d5580000,0x00000000d6800000,0x00000000d6800000)
  from space 1024K, 83% used [0x00000000d6800000,0x00000000d68d65b0,0x00000000d6900000)
  to   space 1536K, 0% used [0x00000000d6980000,0x00000000d6980000,0x00000000d6b00000)
 ParOldGen       total 68608K, used 49600K [0x0000000080000000, 0x0000000084300000, 0x00000000d5580000)
  object space 68608K, 72% used [0x0000000080000000,0x0000000083070300,0x0000000084300000)
 Metaspace       used 54775K, committed 56192K, reserved 1114112K
  class space    used 5970K, committed 6592K, reserved 1048576K
}
Event: 10.670 GC heap after
{Heap after GC invocations=34 (full 2):
 PSYoungGen      total 19456K, used 320K [0x00000000d5580000, 0x00000000d6a00000, 0x0000000100000000)
  eden space 18944K, 0% used [0x00000000d5580000,0x00000000d5580000,0x00000000d6800000)
  from space 512K, 62% used [0x00000000d6980000,0x00000000d69d0010,0x00000000d6a00000)
  to   space 1024K, 0% used [0x00000000d6800000,0x00000000d6800000,0x00000000d6900000)
 ParOldGen       total 68608K, used 50066K [0x0000000080000000, 0x0000000084300000, 0x00000000d5580000)
  object space 68608K, 72% used [0x0000000080000000,0x00000000830e4910,0x0000000084300000)
 Metaspace       used 54775K, committed 56192K, reserved 1114112K
  class space    used 5970K, committed 6592K, reserved 1048576K
}
Event: 11.221 GC heap before
{Heap before GC invocations=35 (full 2):
 PSYoungGen      total 19456K, used 19264K [0x00000000d5580000, 0x00000000d6a00000, 0x0000000100000000)
  eden space 18944K, 100% used [0x00000000d5580000,0x00000000d6800000,0x00000000d6800000)
  from space 512K, 62% used [0x00000000d6980000,0x00000000d69d0010,0x00000000d6a00000)
  to   space 1024K, 0% used [0x00000000d6800000,0x00000000d6800000,0x00000000d6900000)
 ParOldGen       total 68608K, used 50066K [0x0000000080000000, 0x0000000084300000, 0x00000000d5580000)
  object space 68608K, 72% used [0x0000000080000000,0x00000000830e4910,0x0000000084300000)
 Metaspace       used 56393K, committed 57856K, reserved 1114112K
  class space    used 6139K, committed 6784K, reserved 1048576K
}
Event: 11.224 GC heap after
{Heap after GC invocations=35 (full 2):
 PSYoungGen      total 19968K, used 992K [0x00000000d5580000, 0x00000000d6c00000, 0x0000000100000000)
  eden space 18944K, 0% used [0x00000000d5580000,0x00000000d5580000,0x00000000d6800000)
  from space 1024K, 96% used [0x00000000d6800000,0x00000000d68f8020,0x00000000d6900000)
  to   space 2048K, 0% used [0x00000000d6a00000,0x00000000d6a00000,0x00000000d6c00000)
 ParOldGen       total 68608K, used 50698K [0x0000000080000000, 0x0000000084300000, 0x00000000d5580000)
  object space 68608K, 73% used [0x0000000080000000,0x0000000083182910,0x0000000084300000)
 Metaspace       used 56393K, committed 57856K, reserved 1114112K
  class space    used 6139K, committed 6784K, reserved 1048576K
}
Event: 11.806 GC heap before
{Heap before GC invocations=36 (full 2):
 PSYoungGen      total 19968K, used 19936K [0x00000000d5580000, 0x00000000d6c00000, 0x0000000100000000)
  eden space 18944K, 99% used [0x00000000d5580000,0x00000000d67ffff8,0x00000000d6800000)
  from space 1024K, 96% used [0x00000000d6800000,0x00000000d68f8020,0x00000000d6900000)
  to   space 2048K, 0% used [0x00000000d6a00000,0x00000000d6a00000,0x00000000d6c00000)
 ParOldGen       total 68608K, used 50698K [0x0000000080000000, 0x0000000084300000, 0x00000000d5580000)
  object space 68608K, 73% used [0x0000000080000000,0x0000000083182910,0x0000000084300000)
 Metaspace       used 56928K, committed 58368K, reserved 1114112K
  class space    used 6177K, committed 6784K, reserved 1048576K
}
Event: 11.810 GC heap after
{Heap after GC invocations=36 (full 2):
 PSYoungGen      total 19456K, used 2046K [0x00000000d5580000, 0x00000000d6f00000, 0x0000000100000000)
  eden space 17408K, 0% used [0x00000000d5580000,0x00000000d5580000,0x00000000d6680000)
  from space 2048K, 99% used [0x00000000d6a00000,0x00000000d6bffaf8,0x00000000d6c00000)
  to   space 3584K, 0% used [0x00000000d6680000,0x00000000d6680000,0x00000000d6a00000)
 ParOldGen       total 68608K, used 51673K [0x0000000080000000, 0x0000000084300000, 0x00000000d5580000)
  object space 68608K, 75% used [0x0000000080000000,0x0000000083276508,0x0000000084300000)
 Metaspace       used 56928K, committed 58368K, reserved 1114112K
  class space    used 6177K, committed 6784K, reserved 1048576K
}

